<?xml version="1.0" encoding="UTF-8"?><testsuite errors="5" failures="0" name="in.reqres.reqresCURD.ReqresCURD" skipped="0" tests="6" time="2.79" timestamp="2022-06-07T12:40:01.039+01:00[Europe/London]"><testcase classname="in.reqres.reqresCURD.ReqresCURD" name="This will create a new user"/><testcase classname="in.reqres.reqresCURD.ReqresCURD" name="Verify that new user is added"><error message="parameterValue cannot be null" type="java.lang.IllegalArgumentException">parameterValue cannot be null</error><system-err>parameterValue cannot be null&#13;
io.restassured.internal.assertion.AssertParameter.notNull(AssertParameter.groovy:26)&#13;
io.restassured.internal.RequestSpecificationImpl.pathParameter(RequestSpecificationImpl.groovy:560)&#13;
groovy.lang.MetaMethod.doMethodInvoke(MetaMethod.java:325)&#13;
groovy.lang.MetaClassImpl.invokeMethod(MetaClassImpl.java:1213)&#13;
groovy.lang.MetaClassImpl.invokeMethod(MetaClassImpl.java:1022)&#13;
groovy.lang.MetaClassImpl.invokeMethod(MetaClassImpl.java:810)&#13;
io.restassured.internal.RequestSpecificationImpl.invokeMethod(RequestSpecificationImpl.groovy)&#13;
io.restassured.internal.RequestSpecificationImpl.pathParam(RequestSpecificationImpl.groovy:578)&#13;
net.serenitybdd.rest.decorators.request.RequestSpecificationParametersConfigurations.pathParam(RequestSpecificationParametersConfigurations.java:188)&#13;
net.serenitybdd.rest.decorators.request.RequestSpecificationDecorated.pathParam(RequestSpecificationDecorated.java:27)&#13;
in.reqres.reqresinfo.ReqresStep.getUserInfoByName(ReqresStep.java:33)&#13;
in.reqres.reqresCURD.ReqresCURD.test002(ReqresCURD.java:44)&#13;
</system-err></testcase><testcase classname="in.reqres.reqresCURD.ReqresCURD" name="This will login a user"><error message="Cannot invoke method hasCustomParserExcludingDefaultParser() on null object" type="java.lang.NullPointerException">Cannot invoke method hasCustomParserExcludingDefaultParser() on null object</error><system-err>Cannot invoke method hasCustomParserExcludingDefaultParser() on null object&#13;
io.restassured.internal.RestAssuredResponseOptionsGroovyImpl.findContentType(RestAssuredResponseOptionsGroovyImpl.groovy:484)&#13;
io.restassured.internal.RestAssuredResponseOptionsGroovyImpl.path(RestAssuredResponseOptionsGroovyImpl.groovy:391)&#13;
io.restassured.internal.RestAssuredResponseOptionsImpl.path(RestAssuredResponseOptionsImpl.java:200)&#13;
in.reqres.reqresinfo.ReqresStep.loginUser(ReqresStep.java:55)&#13;
in.reqres.reqresCURD.ReqresCURD.test003(ReqresCURD.java:52)&#13;
</system-err></testcase><testcase classname="in.reqres.reqresCURD.ReqresCURD" name="This will update a user by PUT"><error message="parameterValue cannot be null" type="java.lang.IllegalArgumentException">parameterValue cannot be null</error><system-err>parameterValue cannot be null&#13;
io.restassured.internal.assertion.AssertParameter.notNull(AssertParameter.groovy:26)&#13;
io.restassured.internal.RequestSpecificationImpl.pathParameter(RequestSpecificationImpl.groovy:560)&#13;
groovy.lang.MetaMethod.doMethodInvoke(MetaMethod.java:325)&#13;
groovy.lang.MetaClassImpl.invokeMethod(MetaClassImpl.java:1213)&#13;
groovy.lang.MetaClassImpl.invokeMethod(MetaClassImpl.java:1022)&#13;
groovy.lang.MetaClassImpl.invokeMethod(MetaClassImpl.java:810)&#13;
io.restassured.internal.RequestSpecificationImpl.invokeMethod(RequestSpecificationImpl.groovy)&#13;
io.restassured.internal.RequestSpecificationImpl.pathParam(RequestSpecificationImpl.groovy:578)&#13;
net.serenitybdd.rest.decorators.request.RequestSpecificationParametersConfigurations.pathParam(RequestSpecificationParametersConfigurations.java:188)&#13;
net.serenitybdd.rest.decorators.request.RequestSpecificationDecorated.pathParam(RequestSpecificationDecorated.java:27)&#13;
in.reqres.reqresinfo.ReqresStep.updateUserByPut(ReqresStep.java:79)&#13;
in.reqres.reqresCURD.ReqresCURD.test004(ReqresCURD.java:61)&#13;
</system-err></testcase><testcase classname="in.reqres.reqresCURD.ReqresCURD" name="This will update a user by Patch"><error message="parameterValue cannot be null" type="java.lang.IllegalArgumentException">parameterValue cannot be null</error><system-err>parameterValue cannot be null&#13;
io.restassured.internal.assertion.AssertParameter.notNull(AssertParameter.groovy:26)&#13;
io.restassured.internal.RequestSpecificationImpl.pathParameter(RequestSpecificationImpl.groovy:560)&#13;
groovy.lang.MetaMethod.doMethodInvoke(MetaMethod.java:325)&#13;
groovy.lang.MetaClassImpl.invokeMethod(MetaClassImpl.java:1213)&#13;
groovy.lang.MetaClassImpl.invokeMethod(MetaClassImpl.java:1022)&#13;
groovy.lang.MetaClassImpl.invokeMethod(MetaClassImpl.java:810)&#13;
io.restassured.internal.RequestSpecificationImpl.invokeMethod(RequestSpecificationImpl.groovy)&#13;
io.restassured.internal.RequestSpecificationImpl.pathParam(RequestSpecificationImpl.groovy:578)&#13;
net.serenitybdd.rest.decorators.request.RequestSpecificationParametersConfigurations.pathParam(RequestSpecificationParametersConfigurations.java:188)&#13;
net.serenitybdd.rest.decorators.request.RequestSpecificationDecorated.pathParam(RequestSpecificationDecorated.java:27)&#13;
in.reqres.reqresinfo.ReqresStep.updateUserByPatch(ReqresStep.java:65)&#13;
in.reqres.reqresCURD.ReqresCURD.test005(ReqresCURD.java:70)&#13;
</system-err></testcase><testcase classname="in.reqres.reqresCURD.ReqresCURD" name="This will update a user by Patch"><error message="Invalid number of path parameters. Expected 1, was 0. Undefined path parameters are: userId." type="java.lang.IllegalArgumentException">Invalid number of path parameters. Expected 1, was 0. Undefined path parameters are: userId.</error><system-err>Invalid number of path parameters. Expected 1, was 0. Undefined path parameters are: userId.&#13;
io.restassured.internal.RequestSpecificationImpl.assertCorrectNumberOfPathParams(RequestSpecificationImpl.groovy:1336)&#13;
groovy.lang.MetaMethod.doMethodInvoke(MetaMethod.java:325)&#13;
groovy.lang.MetaClassImpl.invokeMethod(MetaClassImpl.java:1213)&#13;
groovy.lang.MetaClassImpl.invokeMethod(MetaClassImpl.java:1022)&#13;
groovy.lang.MetaClassImpl.invokeMethod(MetaClassImpl.java:810)&#13;
io.restassured.internal.RequestSpecificationImpl.invokeMethod(RequestSpecificationImpl.groovy)&#13;
io.restassured.internal.RequestSpecificationImpl.sendRequest(RequestSpecificationImpl.groovy:1223)&#13;
groovy.lang.MetaMethod.doMethodInvoke(MetaMethod.java:325)&#13;
groovy.lang.MetaClassImpl.invokeMethod(MetaClassImpl.java:1213)&#13;
groovy.lang.MetaClassImpl.invokeMethod(MetaClassImpl.java:1022)&#13;
groovy.lang.MetaClassImpl.invokeMethod(MetaClassImpl.java:810)&#13;
io.restassured.internal.RequestSpecificationImpl.invokeMethod(RequestSpecificationImpl.groovy)&#13;
io.restassured.internal.filter.SendRequestFilter.filter(SendRequestFilter.groovy:30)&#13;
io.restassured.internal.filter.FilterContextImpl.next(FilterContextImpl.groovy:72)&#13;
io.restassured.filter.time.TimingFilter.filter(TimingFilter.java:56)&#13;
io.restassured.internal.filter.FilterContextImpl.next(FilterContextImpl.groovy:72)&#13;
io.restassured.filter.log.RequestLoggingFilter.filter(RequestLoggingFilter.java:124)&#13;
io.restassured.internal.filter.FilterContextImpl.next(FilterContextImpl.groovy:72)&#13;
io.restassured.filter.log.RequestLoggingFilter.filter(RequestLoggingFilter.java:124)&#13;
net.serenitybdd.rest.filters.FieldsRecordingFilter.filter(FieldsRecordingFilter.java:40)&#13;
io.restassured.internal.filter.FilterContextImpl.next(FilterContextImpl.groovy:72)&#13;
io.restassured.filter.log.RequestLoggingFilter.filter(RequestLoggingFilter.java:124)&#13;
net.serenitybdd.rest.filters.FieldsRecordingFilter.filter(FieldsRecordingFilter.java:40)&#13;
io.restassured.internal.filter.FilterContextImpl.next(FilterContextImpl.groovy:72)&#13;
io.restassured.filter.log.RequestLoggingFilter.filter(RequestLoggingFilter.java:124)&#13;
net.serenitybdd.rest.filters.FieldsRecordingFilter.filter(FieldsRecordingFilter.java:40)&#13;
io.restassured.internal.filter.FilterContextImpl.next(FilterContextImpl.groovy:72)&#13;
io.restassured.filter.log.RequestLoggingFilter.filter(RequestLoggingFilter.java:124)&#13;
net.serenitybdd.rest.filters.FieldsRecordingFilter.filter(FieldsRecordingFilter.java:40)&#13;
io.restassured.internal.filter.FilterContextImpl.next(FilterContextImpl.groovy:72)&#13;
io.restassured.filter.log.RequestLoggingFilter.filter(RequestLoggingFilter.java:124)&#13;
net.serenitybdd.rest.filters.FieldsRecordingFilter.filter(FieldsRecordingFilter.java:40)&#13;
io.restassured.internal.filter.FilterContextImpl.next(FilterContextImpl.groovy:72)&#13;
io.restassured.filter.log.RequestLoggingFilter.filter(RequestLoggingFilter.java:124)&#13;
net.serenitybdd.rest.filters.FieldsRecordingFilter.filter(FieldsRecordingFilter.java:40)&#13;
io.restassured.internal.filter.FilterContextImpl.next(FilterContextImpl.groovy:72)&#13;
io.restassured.internal.RequestSpecificationImpl.applyPathParamsAndSendRequest(RequestSpecificationImpl.groovy:1722)&#13;
groovy.lang.MetaMethod.doMethodInvoke(MetaMethod.java:325)&#13;
groovy.lang.MetaClassImpl.invokeMethod(MetaClassImpl.java:1213)&#13;
groovy.lang.MetaClassImpl.invokeMethod(MetaClassImpl.java:1022)&#13;
groovy.lang.MetaClassImpl.invokeMethod(MetaClassImpl.java:810)&#13;
io.restassured.internal.RequestSpecificationImpl.invokeMethod(RequestSpecificationImpl.groovy)&#13;
io.restassured.internal.RequestSpecificationImpl.applyPathParamsAndSendRequest(RequestSpecificationImpl.groovy:1728)&#13;
groovy.lang.MetaMethod.doMethodInvoke(MetaMethod.java:325)&#13;
groovy.lang.MetaClassImpl.invokeMethod(MetaClassImpl.java:1213)&#13;
groovy.lang.MetaClassImpl.invokeMethod(MetaClassImpl.java:1022)&#13;
groovy.lang.MetaClassImpl.invokeMethod(MetaClassImpl.java:810)&#13;
io.restassured.internal.RequestSpecificationImpl.invokeMethod(RequestSpecificationImpl.groovy)&#13;
io.restassured.internal.RequestSpecificationImpl.delete(RequestSpecificationImpl.groovy:180)&#13;
net.serenitybdd.rest.decorators.request.RequestSpecificationDecorated.execute(RequestSpecificationDecorated.java:230)&#13;
net.serenitybdd.rest.decorators.request.RequestSpecificationDecorated.delete(RequestSpecificationDecorated.java:131)&#13;
net.serenitybdd.rest.decorators.request.RequestSpecificationDecorated.delete(RequestSpecificationDecorated.java:27)&#13;
in.reqres.reqresinfo.ReqresStep.deleteUser(ReqresStep.java:90)&#13;
in.reqres.reqresCURD.ReqresCURD.test006(ReqresCURD.java:76)&#13;
</system-err></testcase></testsuite>